QAflisp - FLISP Absolute crossassembler, Version 1.0
(c) GMV 1989-2015


File: lab4-4.lst
FC                      1. Inport		EQU	$FC
FB                      2. Utport		EQU	$FB
10                      3. DelayC1		EQU	$10		;Dessa konstanter styr hur lång fördröjning Delay1s orsakar.
01                      4. DelayC2		EQU	$1		;Ändra dem eventuellt i labbet så att fördröjnigen blir rimligt lång.
                        5. 
FF                      6. 		ORG	$FF
FF 20                   7. 		FCB	$20
00                      8. 	
20                      9. 		ORG	$20
                       10. 
20 F0 FF               11. Main:   		LDA     #$FF
22 E1 FB               12. 		STA     Utport
24 34 3B               13. 		JSR     ReadAscii
26 94 41               14. 		SUBA    #$41
28 0B                  15. 		ASLA
29 10                  16. 		PSHA
2A 90 78               17. 		LDX     #MorseCode
2C F4                  18. 		LDA     A,X
2D E1 77               19. 		STA     Count
2F 14                  20. 		PULA
30 07                  21. 		INCA
31 F4                  22. 		LDA     A,X
32                     23. MainLoop:
32 34 49               24. 		JSR     BlinkLight
34 0B                  25. 		ASLA
35 38 77               26. 		DEC     Count
37 25 F9               27. 		BNE     MainLoop
39 21 E5               28. 		BRA	Main
                       29. 
                       30. 
3B                     31. ReadAscii:
                       32. 
3B F1 FC               33. Test_0:		LDA     Inport
3D 98 01               34. 		BITA    #%00000001
3F 25 FA               35. 		BNE     Test_0
41 F1 FC               36. Test_1: 		LDA     Inport
43 98 01               37. 		BITA    #%00000001
45 24 FA               38. 		BEQ     Test_1
47 0F                  39. 		ASRA
48 43                  40. 		RTS
                       41. 
                       42. 
49                     43. 	
49                     44. BlinkLight:
49 10                  45. 		PSHA
4A 35 FB               46. 		CLR     Utport
4C 98 80               47. 		BITA    #%10000000
4E 24 09               48. 		BEQ     Kort
50 F0 03               49. 		LDA     #$03
52 34 63               50. Long:   		JSR     Delay1s
54 08                  51. 		DECA
55 25 FB               52. 		BNE     Long
57 21 02               53. 		BRA     Off
59 34 63               54. Kort:   		JSR     Delay1s
5B F0 FF               55. Off:    		LDA     #$FF
5D E1 FB               56. 		STA     Utport
5F 34 63               57. 		JSR     Delay1s
61 14                  58. 		PULA
62 43                  59. 		RTS 
63                     60. 	
                       61. ; Orsakar en fördröjning på ungefär 1s i simulatorn (vid snabb exekveringshastighet)
                       62. ; Ändrar inga register
63                     63. Delay1s:
63 10                  64. 		PSHA
64 11                  65. 		PSHX
65 13                  66. 		PSHC
66 90 01               67. 		LDX	#DelayC2
68                     68. Delay1s_loop2:
68 F0 10               69. 		LDA	#DelayC1
6A                     70. Delay1s_loop:
6A 08                  71. 		DECA
6B 25 FD               72. 		BNE	Delay1s_loop
6D CC FF               73. 		LEAX	-1,X
6F 9C 00               74. 		CMPX	#0
71 25 F5               75. 		BNE	Delay1s_loop2
73 17                  76. 		PULC
74 15                  77. 		PULX
75 14                  78. 		PULA
76 43                  79. 		RTS
                       80. 
                       81. ; Data - Variabler
77                     82. Count:
77 00                  83. 		RMB	1
                       84. 
                       85. ; Data - Konstanter
78                     86. MorseCode:
78 02 40               87. 		FCB	2,%01000000 ;'A'
7A 04 80               88. 		FCB	4,%10000000 ;'B'
7C 04 A0               89. 		FCB	4,%10100000 ;'C'
7E 03 80               90. 		FCB	3,%10000000 ;'D'
80 01 00               91. 		FCB	1,%00000000 ;'E'
82 04 20               92. 		FCB	4,%00100000 ;'F'
84 03 C0               93. 		FCB	3,%11000000 ;'G'
86 04 00               94. 		FCB	4,%00000000 ;'H'
88 02 00               95. 		FCB	2,%00000000 ;'I'
8A 04 10               96. 		FCB	4,%00010000 ;'J'
8C 03 A0               97. 		FCB	3,%10100000 ;'K'
8E 04 40               98. 		FCB	4,%01000000 ;'L'
90 02 C0               99. 		FCB	2,%11000000 ;'M'
92 02 80              100. 		FCB	2,%10000000 ;'N'
94 03 E0              101. 		FCB	3,%11100000 ;'O'
96 04 60              102. 		FCB	4,%01100000 ;'P'
98 04 D0              103. 		FCB	4,%11010000 ;'Q'
9A 03 40              104. 		FCB	3,%01000000 ;'R'
9C 03 00              105. 		FCB	3,%00000000 ;'S'
9E 01 80              106. 		FCB	1,%10000000 ;'T'
A0 03 20              107. 		FCB	3,%00100000 ;'U'
A2 04 10              108. 		FCB	4,%00010000 ;'V'
A4 03 20              109. 		FCB	3,%00100000 ;'W'
A6 04 90              110. 		FCB	4,%10010000 ;'X'
A8 04 B0              111. 		FCB	4,%10110000 ;'Y'
AA 04 C0              112. 		FCB	4,%11000000 ;'Z'